#
# There is insufficient memory for the Java Runtime Environment to continue.
# Native memory allocation (malloc) failed to allocate 870496 bytes for Chunk::new
# Possible reasons:
#   The system is out of physical RAM or swap space
#   The process is running with CompressedOops enabled, and the Java Heap may be blocking the growth of the native heap
# Possible solutions:
#   Reduce memory load on the system
#   Increase physical memory or swap space
#   Check if swap backing store is full
#   Decrease Java heap size (-Xmx/-Xms)
#   Decrease number of Java threads
#   Decrease Java thread stack sizes (-Xss)
#   Set larger code cache with -XX:ReservedCodeCacheSize=
#   JVM is running with Unscaled Compressed Oops mode in which the Java heap is
#     placed in the first 4GB address space. The Java Heap base address is the
#     maximum limit for the native heap growth. Please use -XX:HeapBaseMinAddress
#     to set the Java Heap base and to place the Java Heap above 4GB virtual address.
# This output file may be truncated or incomplete.
#
#  Out of Memory Error (src/hotspot/share/memory/arena.cpp:197), pid=10708, tid=17220
#
# JRE version: OpenJDK Runtime Environment (11.0.15) (build 11.0.15+0-b2043.56-9505619)
# Java VM: OpenJDK 64-Bit Server VM (11.0.15+0-b2043.56-9505619, mixed mode, tiered, compressed oops, g1 gc, windows-amd64)
# No core dump will be written. Minidumps are not enabled by default on client versions of Windows
#

---------------  S U M M A R Y ------------

Command Line: --add-opens=java.base/java.util=ALL-UNNAMED --add-opens=java.base/java.lang=ALL-UNNAMED --add-opens=java.base/java.lang.invoke=ALL-UNNAMED --add-opens=java.base/java.util=ALL-UNNAMED --add-opens=java.prefs/java.util.prefs=ALL-UNNAMED --add-opens=java.prefs/java.util.prefs=ALL-UNNAMED --add-opens=java.base/java.nio.charset=ALL-UNNAMED --add-opens=java.base/java.net=ALL-UNNAMED --add-opens=java.base/java.util.concurrent.atomic=ALL-UNNAMED -Xmx2048m -Dfile.encoding=UTF-8 -Duser.country=IN -Duser.language=en -Duser.variant org.gradle.launcher.daemon.bootstrap.GradleDaemon 7.5

Host: Intel(R) Core(TM) i5-6500T CPU @ 2.50GHz, 4 cores, 7G,  Windows 10 , 64 bit Build 19041 (10.0.19041.2546)
Time: Tue Apr 11 12:11:14 2023 India Standard Time elapsed time: 8.941325 seconds (0d 0h 0m 8s)

---------------  T H R E A D  ---------------

Current thread (0x000001b528a07800):  JavaThread "C2 CompilerThread0" daemon [_thread_in_native, id=17220, stack(0x00000061e1200000,0x00000061e1300000)]


Current CompileTask:
C2:   8941 3756       4       org.objectweb.asm.Frame::execute (2318 bytes)

Stack: [0x00000061e1200000,0x00000061e1300000]
Native frames: (J=compiled Java code, j=interpreted, Vv=VM code, C=native code)
V  [jvm.dll+0x64135a]
V  [jvm.dll+0x7d39f9]
V  [jvm.dll+0x7d51b9]
V  [jvm.dll+0x7d58a3]
V  [jvm.dll+0x2691c5]
V  [jvm.dll+0xc1a5c]
V  [jvm.dll+0xc200c]
V  [jvm.dll+0x2da2c2]
V  [jvm.dll+0x54cad9]
V  [jvm.dll+0x220c9d]
V  [jvm.dll+0x223152]
V  [jvm.dll+0x220384]
V  [jvm.dll+0x19e851]
V  [jvm.dll+0x230479]
V  [jvm.dll+0x22e5ef]
V  [jvm.dll+0x794de1]
V  [jvm.dll+0x78dc24]
V  [jvm.dll+0x6400f6]
C  [ucrtbase.dll+0x21bb2]
C  [KERNEL32.DLL+0x17614]
C  [ntdll.dll+0x526a1]


---------------  P R O C E S S  ---------------

Threads class SMR info:
_java_thread_list=0x000001b52e93fab0, length=35, elements={
0x000001b50ce34800, 0x000001b5289e3800, 0x000001b5289ef000, 0x000001b5289fe800,
0x000001b528a00800, 0x000001b528a04000, 0x000001b528a07800, 0x000001b528a0c000,
0x000001b528a10000, 0x000001b5294b5800, 0x000001b52b76b800, 0x000001b52a1c6000,
0x000001b52b697800, 0x000001b52b93e000, 0x000001b52a33f000, 0x000001b52c0ee000,
0x000001b52b71a000, 0x000001b52bccd800, 0x000001b52aae7800, 0x000001b52bcc4000,
0x000001b52b932800, 0x000001b52b937800, 0x000001b52b933800, 0x000001b52b936000,
0x000001b52b935000, 0x000001b52b934800, 0x000001b52b937000, 0x000001b52b932000,
0x000001b52b938800, 0x000001b52cc16800, 0x000001b52cc15800, 0x000001b52cc17000,
0x000001b52cc12000, 0x000001b52cc19000, 0x000001b52cc14000
}

Java Threads: ( => current thread )
  0x000001b50ce34800 JavaThread "main" [_thread_blocked, id=12480, stack(0x00000061e0600000,0x00000061e0700000)]
  0x000001b5289e3800 JavaThread "Reference Handler" daemon [_thread_blocked, id=18988, stack(0x00000061e0d00000,0x00000061e0e00000)]
  0x000001b5289ef000 JavaThread "Finalizer" daemon [_thread_blocked, id=5352, stack(0x00000061e0e00000,0x00000061e0f00000)]
  0x000001b5289fe800 JavaThread "Signal Dispatcher" daemon [_thread_blocked, id=17084, stack(0x00000061e0f00000,0x00000061e1000000)]
  0x000001b528a00800 JavaThread "Attach Listener" daemon [_thread_blocked, id=1836, stack(0x00000061e1000000,0x00000061e1100000)]
  0x000001b528a04000 JavaThread "Service Thread" daemon [_thread_blocked, id=18488, stack(0x00000061e1100000,0x00000061e1200000)]
=>0x000001b528a07800 JavaThread "C2 CompilerThread0" daemon [_thread_in_native, id=17220, stack(0x00000061e1200000,0x00000061e1300000)]
  0x000001b528a0c000 JavaThread "C1 CompilerThread0" daemon [_thread_blocked, id=15716, stack(0x00000061e1300000,0x00000061e1400000)]
  0x000001b528a10000 JavaThread "Sweeper thread" daemon [_thread_blocked, id=18504, stack(0x00000061e1400000,0x00000061e1500000)]
  0x000001b5294b5800 JavaThread "Common-Cleaner" daemon [_thread_blocked, id=18812, stack(0x00000061e1500000,0x00000061e1600000)]
  0x000001b52b76b800 JavaThread "Daemon health stats" [_thread_blocked, id=6336, stack(0x00000061e1a00000,0x00000061e1b00000)]
  0x000001b52a1c6000 JavaThread "Incoming local TCP Connector on port 60526" [_thread_in_native, id=3272, stack(0x00000061e1700000,0x00000061e1800000)]
  0x000001b52b697800 JavaThread "Daemon periodic checks" [_thread_blocked, id=18864, stack(0x00000061e1b00000,0x00000061e1c00000)]
  0x000001b52b93e000 JavaThread "Daemon" [_thread_blocked, id=7700, stack(0x00000061e1c00000,0x00000061e1d00000)]
  0x000001b52a33f000 JavaThread "Handler for socket connection from /127.0.0.1:60526 to /127.0.0.1:60527" [_thread_in_native, id=15792, stack(0x00000061e1d00000,0x00000061e1e00000)]
  0x000001b52c0ee000 JavaThread "Cancel handler" [_thread_blocked, id=16720, stack(0x00000061e1e00000,0x00000061e1f00000)]
  0x000001b52b71a000 JavaThread "Daemon worker" [_thread_in_Java, id=19180, stack(0x00000061e1f00000,0x00000061e2000000)]
  0x000001b52bccd800 JavaThread "Asynchronous log dispatcher for DefaultDaemonConnection: socket connection from /127.0.0.1:60526 to /127.0.0.1:60527" [_thread_blocked, id=9960, stack(0x00000061e2000000,0x00000061e2100000)]
  0x000001b52aae7800 JavaThread "Stdin handler" [_thread_blocked, id=2304, stack(0x00000061e2100000,0x00000061e2200000)]
  0x000001b52bcc4000 JavaThread "Daemon client event forwarder" [_thread_blocked, id=10476, stack(0x00000061e2200000,0x00000061e2300000)]
  0x000001b52b932800 JavaThread "Cache worker for journal cache (C:\Users\admin\.gradle\caches\journal-1)" [_thread_blocked, id=18968, stack(0x00000061e2500000,0x00000061e2600000)]
  0x000001b52b937800 JavaThread "File lock request listener" [_thread_in_native, id=17744, stack(0x00000061e2600000,0x00000061e2700000)]
  0x000001b52b933800 JavaThread "Cache worker for file hash cache (C:\Users\admin\.gradle\caches\7.5\fileHashes)" [_thread_blocked, id=17784, stack(0x00000061e2700000,0x00000061e2800000)]
  0x000001b52b936000 JavaThread "File watcher server" daemon [_thread_in_native, id=16700, stack(0x00000061e2800000,0x00000061e2900000)]
  0x000001b52b935000 JavaThread "File watcher consumer" daemon [_thread_blocked, id=8436, stack(0x00000061e2900000,0x00000061e2a00000)]
  0x000001b52b934800 JavaThread "jar transforms" [_thread_blocked, id=16324, stack(0x00000061e2a00000,0x00000061e2b00000)]
  0x000001b52b937000 JavaThread "jar transforms Thread 2" [_thread_blocked, id=8320, stack(0x00000061e2b00000,0x00000061e2c00000)]
  0x000001b52b932000 JavaThread "jar transforms Thread 3" [_thread_blocked, id=6704, stack(0x00000061e2c00000,0x00000061e2d00000)]
  0x000001b52b938800 JavaThread "jar transforms Thread 4" [_thread_blocked, id=12284, stack(0x00000061e2d00000,0x00000061e2e00000)]
  0x000001b52cc16800 JavaThread "Cache worker for checksums cache (D:\EMIcalculator\.gradle\7.5\checksums)" [_thread_blocked, id=13020, stack(0x00000061e2e00000,0x00000061e2f00000)]
  0x000001b52cc15800 JavaThread "Cache worker for cache directory md-rule (C:\Users\admin\.gradle\caches\7.5\md-rule)" [_thread_blocked, id=1872, stack(0x00000061e2300000,0x00000061e2400000)]
  0x000001b52cc17000 JavaThread "Cache worker for file content cache (C:\Users\admin\.gradle\caches\7.5\fileContent)" [_thread_blocked, id=15056, stack(0x00000061e2f00000,0x00000061e3000000)]
  0x000001b52cc12000 JavaThread "Cache worker for file hash cache (D:\EMIcalculator\.gradle\7.5\fileHashes)" [_thread_blocked, id=6968, stack(0x00000061e3000000,0x00000061e3100000)]
  0x000001b52cc19000 JavaThread "Cache worker for cache directory md-supplier (C:\Users\admin\.gradle\caches\7.5\md-supplier)" [_thread_blocked, id=5032, stack(0x00000061e3100000,0x00000061e3200000)]
  0x000001b52cc14000 JavaThread "Cache worker for execution history cache (C:\Users\admin\.gradle\caches\7.5\executionHistory)" [_thread_blocked, id=8208, stack(0x00000061e3200000,0x00000061e3300000)]

Other Threads:
  0x000001b5289e1000 VMThread "VM Thread" [stack: 0x00000061e0c00000,0x00000061e0d00000] [id=17248]
  0x000001b5294bf000 WatcherThread [stack: 0x00000061e1600000,0x00000061e1700000] [id=6112]
  0x000001b50ce4b800 GCTaskThread "GC Thread#0" [stack: 0x00000061e0700000,0x00000061e0800000] [id=14556]
  0x000001b52a0f3800 GCTaskThread "GC Thread#1" [stack: 0x00000061e1800000,0x00000061e1900000] [id=17424]
  0x000001b5298b6000 GCTaskThread "GC Thread#2" [stack: 0x00000061e1900000,0x00000061e1a00000] [id=15392]
  0x000001b52c022000 GCTaskThread "GC Thread#3" [stack: 0x00000061e2400000,0x00000061e2500000] [id=19092]
  0x000001b50ce7f800 ConcurrentGCThread "G1 Main Marker" [stack: 0x00000061e0800000,0x00000061e0900000] [id=18412]
  0x000001b50ce80800 ConcurrentGCThread "G1 Conc#0" [stack: 0x00000061e0900000,0x00000061e0a00000] [id=17588]
  0x000001b50cf0d800 ConcurrentGCThread "G1 Refine#0" [stack: 0x00000061e0a00000,0x00000061e0b00000] [id=17620]
  0x000001b528830800 ConcurrentGCThread "G1 Young RemSet Sampling" [stack: 0x00000061e0b00000,0x00000061e0c00000] [id=10448]

Threads with active compile tasks:
C2 CompilerThread0     9008 3756       4       org.objectweb.asm.Frame::execute (2318 bytes)

VM state:not at safepoint (normal execution)

VM Mutex/Monitor currently owned by a thread: None

Heap address: 0x0000000080000000, size: 2048 MB, Compressed Oops mode: 32-bit
Narrow klass base: 0x0000000000000000, Narrow klass shift: 3
Compressed class space size: 1073741824 Address: 0x0000000100000000

Heap:
 garbage-first heap   total 189440K, used 77497K [0x0000000080000000, 0x0000000100000000)
  region size 1024K, 25 young (25600K), 6 survivors (6144K)
 Metaspace       used 43028K, capacity 44195K, committed 44496K, reserved 1091584K
  class space    used 5484K, capacity 5894K, committed 6016K, reserved 1048576K
Heap Regions: E=young(eden), S=young(survivor), O=old, HS=humongous(starts), HC=humongous(continues), CS=collection set, F=free, A=archive, TAMS=top-at-mark-start (previous, next)
|   0|0x0000000080000000, 0x0000000080100000, 0x0000000080100000|100%|HS|  |TAMS 0x0000000080100000, 0x0000000080000000| Complete 
|   1|0x0000000080100000, 0x0000000080200000, 0x0000000080200000|100%|HC|  |TAMS 0x0000000080200000, 0x0000000080100000| Complete 
|   2|0x0000000080200000, 0x0000000080300000, 0x0000000080300000|100%|HC|  |TAMS 0x0000000080300000, 0x0000000080200000| Complete 
|   3|0x0000000080300000, 0x0000000080400000, 0x0000000080400000|100%| O|  |TAMS 0x0000000080400000, 0x0000000080300000| Untracked 
|   4|0x0000000080400000, 0x0000000080500000, 0x0000000080500000|100%| O|  |TAMS 0x0000000080500000, 0x0000000080400000| Untracked 
|   5|0x0000000080500000, 0x0000000080600000, 0x0000000080600000|100%| O|  |TAMS 0x0000000080600000, 0x0000000080500000| Untracked 
|   6|0x0000000080600000, 0x0000000080700000, 0x0000000080700000|100%| O|  |TAMS 0x0000000080700000, 0x0000000080600000| Untracked 
|   7|0x0000000080700000, 0x0000000080800000, 0x0000000080800000|100%| O|  |TAMS 0x0000000080800000, 0x0000000080700000| Untracked 
|   8|0x0000000080800000, 0x0000000080900000, 0x0000000080900000|100%| O|  |TAMS 0x0000000080900000, 0x0000000080800000| Untracked 
|   9|0x0000000080900000, 0x0000000080a00000, 0x0000000080a00000|100%| O|  |TAMS 0x0000000080a00000, 0x0000000080900000| Untracked 
|  10|0x0000000080a00000, 0x0000000080b00000, 0x0000000080b00000|100%| O|  |TAMS 0x0000000080b00000, 0x0000000080a00000| Untracked 
|  11|0x0000000080b00000, 0x0000000080c00000, 0x0000000080c00000|100%| O|  |TAMS 0x0000000080c00000, 0x0000000080b00000| Untracked 
|  12|0x0000000080c00000, 0x0000000080d00000, 0x0000000080d00000|100%| O|  |TAMS 0x0000000080d00000, 0x0000000080c00000| Untracked 
|  13|0x0000000080d00000, 0x0000000080e00000, 0x0000000080e00000|100%| O|  |TAMS 0x0000000080e00000, 0x0000000080d00000| Untracked 
|  14|0x0000000080e00000, 0x0000000080f00000, 0x0000000080f00000|100%| O|  |TAMS 0x0000000080f00000, 0x0000000080e00000| Untracked 
|  15|0x0000000080f00000, 0x0000000081000000, 0x0000000081000000|100%| O|  |TAMS 0x0000000081000000, 0x0000000080f00000| Untracked 
|  16|0x0000000081000000, 0x0000000081100000, 0x0000000081100000|100%| O|  |TAMS 0x0000000081100000, 0x0000000081000000| Untracked 
|  17|0x0000000081100000, 0x0000000081200000, 0x0000000081200000|100%|HS|  |TAMS 0x0000000081200000, 0x0000000081100000| Complete 
|  18|0x0000000081200000, 0x0000000081300000, 0x0000000081300000|100%|HC|  |TAMS 0x0000000081300000, 0x0000000081200000| Complete 
|  19|0x0000000081300000, 0x0000000081400000, 0x0000000081400000|100%|HS|  |TAMS 0x0000000081400000, 0x0000000081300000| Complete 
|  20|0x0000000081400000, 0x0000000081500000, 0x0000000081500000|100%|HC|  |TAMS 0x0000000081500000, 0x0000000081400000| Complete 
|  21|0x0000000081500000, 0x0000000081600000, 0x0000000081600000|100%|HC|  |TAMS 0x0000000081600000, 0x0000000081500000| Complete 
|  22|0x0000000081600000, 0x0000000081700000, 0x0000000081700000|100%|HS|  |TAMS 0x0000000081700000, 0x0000000081600000| Complete 
|  23|0x0000000081700000, 0x0000000081800000, 0x0000000081800000|100%|HC|  |TAMS 0x0000000081800000, 0x0000000081700000| Complete 
|  24|0x0000000081800000, 0x0000000081900000, 0x0000000081900000|100%|HC|  |TAMS 0x0000000081900000, 0x0000000081800000| Complete 
|  25|0x0000000081900000, 0x0000000081a00000, 0x0000000081a00000|100%|HS|  |TAMS 0x0000000081a00000, 0x0000000081900000| Complete 
|  26|0x0000000081a00000, 0x0000000081b00000, 0x0000000081b00000|100%|HC|  |TAMS 0x0000000081b00000, 0x0000000081a00000| Complete 
|  27|0x0000000081b00000, 0x0000000081c00000, 0x0000000081c00000|100%|HS|  |TAMS 0x0000000081c00000, 0x0000000081b00000| Complete 
|  28|0x0000000081c00000, 0x0000000081d00000, 0x0000000081d00000|100%|HC|  |TAMS 0x0000000081d00000, 0x0000000081c00000| Complete 
|  29|0x0000000081d00000, 0x0000000081e00000, 0x0000000081e00000|100%|HC|  |TAMS 0x0000000081e00000, 0x0000000081d00000| Complete 
|  30|0x0000000081e00000, 0x0000000081f00000, 0x0000000081f00000|100%|HC|  |TAMS 0x0000000081f00000, 0x0000000081e00000| Complete 
|  31|0x0000000081f00000, 0x0000000082000000, 0x0000000082000000|100%|HC|  |TAMS 0x0000000082000000, 0x0000000081f00000| Complete 
|  32|0x0000000082000000, 0x0000000082100000, 0x0000000082100000|100%|HC|  |TAMS 0x0000000082100000, 0x0000000082000000| Complete 
|  33|0x0000000082100000, 0x0000000082200000, 0x0000000082200000|100%|HC|  |TAMS 0x0000000082200000, 0x0000000082100000| Complete 
|  34|0x0000000082200000, 0x0000000082300000, 0x0000000082300000|100%|HC|  |TAMS 0x0000000082300000, 0x0000000082200000| Complete 
|  35|0x0000000082300000, 0x0000000082400000, 0x0000000082400000|100%|HC|  |TAMS 0x0000000082400000, 0x0000000082300000| Complete 
|  36|0x0000000082400000, 0x0000000082500000, 0x0000000082500000|100%|HC|  |TAMS 0x0000000082500000, 0x0000000082400000| Complete 
|  37|0x0000000082500000, 0x0000000082600000, 0x0000000082600000|100%|HS|  |TAMS 0x0000000082600000, 0x0000000082500000| Complete 
|  38|0x0000000082600000, 0x0000000082700000, 0x0000000082700000|100%|HC|  |TAMS 0x0000000082700000, 0x0000000082600000| Complete 
|  39|0x0000000082700000, 0x0000000082800000, 0x0000000082800000|100%|HS|  |TAMS 0x0000000082800000, 0x0000000082700000| Complete 
|  40|0x0000000082800000, 0x0000000082900000, 0x0000000082900000|100%|HC|  |TAMS 0x0000000082900000, 0x0000000082800000| Complete 
|  41|0x0000000082900000, 0x0000000082a00000, 0x0000000082a00000|100%|HC|  |TAMS 0x0000000082a00000, 0x0000000082900000| Complete 
|  42|0x0000000082a00000, 0x0000000082b00000, 0x0000000082b00000|100%|HC|  |TAMS 0x0000000082b00000, 0x0000000082a00000| Complete 
|  43|0x0000000082b00000, 0x0000000082c00000, 0x0000000082c00000|100%|HC|  |TAMS 0x0000000082c00000, 0x0000000082b00000| Complete 
|  44|0x0000000082c00000, 0x0000000082d00000, 0x0000000082d00000|100%| O|  |TAMS 0x0000000082d00000, 0x0000000082c00000| Untracked 
|  45|0x0000000082d00000, 0x0000000082e00000, 0x0000000082e00000|100%| O|  |TAMS 0x0000000082e00000, 0x0000000082d00000| Untracked 
|  46|0x0000000082e00000, 0x0000000082f00000, 0x0000000082f00000|100%| O|  |TAMS 0x0000000082f00000, 0x0000000082e00000| Untracked 
|  47|0x0000000082f00000, 0x0000000083000000, 0x0000000083000000|100%| O|  |TAMS 0x0000000083000000, 0x0000000082f00000| Untracked 
|  48|0x0000000083000000, 0x0000000083100000, 0x0000000083100000|100%| O|  |TAMS 0x0000000083100000, 0x0000000083000000| Untracked 
|  49|0x0000000083100000, 0x0000000083200000, 0x0000000083200000|100%| O|  |TAMS 0x0000000083200000, 0x0000000083100000| Untracked 
|  50|0x0000000083200000, 0x0000000083300000, 0x0000000083300000|100%| O|  |TAMS 0x0000000083300000, 0x0000000083200000| Untracked 
|  51|0x0000000083300000, 0x00000000833d4800, 0x0000000083400000| 83%| O|  |TAMS 0x00000000833d4800, 0x0000000083300000| Untracked 
|  52|0x0000000083400000, 0x0000000083400000, 0x0000000083500000|  0%| F|  |TAMS 0x0000000083400000, 0x0000000083400000| Untracked 
|  53|0x0000000083500000, 0x0000000083500000, 0x0000000083600000|  0%| F|  |TAMS 0x0000000083500000, 0x0000000083500000| Untracked 
|  54|0x0000000083600000, 0x0000000083600000, 0x0000000083700000|  0%| F|  |TAMS 0x0000000083600000, 0x0000000083600000| Untracked 
|  55|0x0000000083700000, 0x0000000083700000, 0x0000000083800000|  0%| F|  |TAMS 0x0000000083700000, 0x0000000083700000| Untracked 
|  56|0x0000000083800000, 0x0000000083800000, 0x0000000083900000|  0%| F|  |TAMS 0x0000000083800000, 0x0000000083800000| Untracked 
|  57|0x0000000083900000, 0x0000000083900000, 0x0000000083a00000|  0%| F|  |TAMS 0x0000000083900000, 0x0000000083900000| Untracked 
|  58|0x0000000083a00000, 0x0000000083a00000, 0x0000000083b00000|  0%| F|  |TAMS 0x0000000083a00000, 0x0000000083a00000| Untracked 
|  59|0x0000000083b00000, 0x0000000083b00000, 0x0000000083c00000|  0%| F|  |TAMS 0x0000000083b00000, 0x0000000083b00000| Untracked 
|  60|0x0000000083c00000, 0x0000000083c00000, 0x0000000083d00000|  0%| F|  |TAMS 0x0000000083c00000, 0x0000000083c00000| Untracked 
|  61|0x0000000083d00000, 0x0000000083d00000, 0x0000000083e00000|  0%| F|  |TAMS 0x0000000083d00000, 0x0000000083d00000| Untracked 
|  62|0x0000000083e00000, 0x0000000083e00000, 0x0000000083f00000|  0%| F|  |TAMS 0x0000000083e00000, 0x0000000083e00000| Untracked 
|  63|0x0000000083f00000, 0x0000000083f00000, 0x0000000084000000|  0%| F|  |TAMS 0x0000000083f00000, 0x0000000083f00000| Untracked 
|  64|0x0000000084000000, 0x0000000084000000, 0x0000000084100000|  0%| F|  |TAMS 0x0000000084000000, 0x0000000084000000| Untracked 
|  65|0x0000000084100000, 0x0000000084100000, 0x0000000084200000|  0%| F|  |TAMS 0x0000000084100000, 0x0000000084100000| Untracked 
|  66|0x0000000084200000, 0x0000000084200000, 0x0000000084300000|  0%| F|  |TAMS 0x0000000084200000, 0x0000000084200000| Untracked 
|  67|0x0000000084300000, 0x0000000084300000, 0x0000000084400000|  0%| F|  |TAMS 0x0000000084300000, 0x0000000084300000| Untracked 
|  68|0x0000000084400000, 0x0000000084400000, 0x0000000084500000|  0%| F|  |TAMS 0x0000000084400000, 0x0000000084400000| Untracked 
|  69|0x0000000084500000, 0x0000000084500000, 0x0000000084600000|  0%| F|  |TAMS 0x0000000084500000, 0x0000000084500000| Untracked 
|  70|0x0000000084600000, 0x0000000084600000, 0x0000000084700000|  0%| F|  |TAMS 0x0000000084600000, 0x0000000084600000| Untracked 
|  71|0x0000000084700000, 0x0000000084700000, 0x0000000084800000|  0%| F|  |TAMS 0x0000000084700000, 0x0000000084700000| Untracked 
|  72|0x0000000084800000, 0x0000000084800000, 0x0000000084900000|  0%| F|  |TAMS 0x0000000084800000, 0x0000000084800000| Untracked 
|  73|0x0000000084900000, 0x0000000084900000, 0x0000000084a00000|  0%| F|  |TAMS 0x0000000084900000, 0x0000000084900000| Untracked 
|  74|0x0000000084a00000, 0x0000000084a00000, 0x0000000084b00000|  0%| F|  |TAMS 0x0000000084a00000, 0x0000000084a00000| Untracked 
|  75|0x0000000084b00000, 0x0000000084b00000, 0x0000000084c00000|  0%| F|  |TAMS 0x0000000084b00000, 0x0000000084b00000| Untracked 
|  76|0x0000000084c00000, 0x0000000084c00000, 0x0000000084d00000|  0%| F|  |TAMS 0x0000000084c00000, 0x0000000084c00000| Untracked 
|  77|0x0000000084d00000, 0x0000000084d00000, 0x0000000084e00000|  0%| F|  |TAMS 0x0000000084d00000, 0x0000000084d00000| Untracked 
|  78|0x0000000084e00000, 0x0000000084e00000, 0x0000000084f00000|  0%| F|  |TAMS 0x0000000084e00000, 0x0000000084e00000| Untracked 
|  79|0x0000000084f00000, 0x0000000084f00000, 0x0000000085000000|  0%| F|  |TAMS 0x0000000084f00000, 0x0000000084f00000| Untracked 
|  80|0x0000000085000000, 0x0000000085000000, 0x0000000085100000|  0%| F|  |TAMS 0x0000000085000000, 0x0000000085000000| Untracked 
|  81|0x0000000085100000, 0x0000000085100000, 0x0000000085200000|  0%| F|  |TAMS 0x0000000085100000, 0x0000000085100000| Untracked 
|  82|0x0000000085200000, 0x0000000085200000, 0x0000000085300000|  0%| F|  |TAMS 0x0000000085200000, 0x0000000085200000| Untracked 
|  83|0x0000000085300000, 0x0000000085300000, 0x0000000085400000|  0%| F|  |TAMS 0x0000000085300000, 0x0000000085300000| Untracked 
|  84|0x0000000085400000, 0x0000000085400000, 0x0000000085500000|  0%| F|  |TAMS 0x0000000085400000, 0x0000000085400000| Untracked 
|  85|0x0000000085500000, 0x0000000085500000, 0x0000000085600000|  0%| F|  |TAMS 0x0000000085500000, 0x0000000085500000| Untracked 
|  86|0x0000000085600000, 0x0000000085600000, 0x0000000085700000|  0%| F|  |TAMS 0x0000000085600000, 0x0000000085600000| Untracked 
|  87|0x0000000085700000, 0x0000000085700000, 0x0000000085800000|  0%| F|  |TAMS 0x0000000085700000, 0x0000000085700000| Untracked 
|  88|0x0000000085800000, 0x0000000085800000, 0x0000000085900000|  0%| F|  |TAMS 0x0000000085800000, 0x0000000085800000| Untracked 
|  89|0x0000000085900000, 0x0000000085900000, 0x0000000085a00000|  0%| F|  |TAMS 0x0000000085900000, 0x0000000085900000| Untracked 
|  90|0x0000000085a00000, 0x0000000085a00000, 0x0000000085b00000|  0%| F|  |TAMS 0x0000000085a00000, 0x0000000085a00000| Untracked 
|  91|0x0000000085b00000, 0x0000000085b00000, 0x0000000085c00000|  0%| F|  |TAMS 0x0000000085b00000, 0x0000000085b00000| Untracked 
|  92|0x0000000085c00000, 0x0000000085c00000, 0x0000000085d00000|  0%| F|  |TAMS 0x0000000085c00000, 0x0000000085c00000| Untracked 
|  93|0x0000000085d00000, 0x0000000085d00000, 0x0000000085e00000|  0%| F|  |TAMS 0x0000000085d00000, 0x0000000085d00000| Untracked 
|  94|0x0000000085e00000, 0x0000000085e00000, 0x0000000085f00000|  0%| F|  |TAMS 0x0000000085e00000, 0x0000000085e00000| Untracked 
|  95|0x0000000085f00000, 0x0000000085f00000, 0x0000000086000000|  0%| F|  |TAMS 0x0000000085f00000, 0x0000000085f00000| Untracked 
|  96|0x0000000086000000, 0x0000000086000000, 0x0000000086100000|  0%| F|  |TAMS 0x0000000086000000, 0x0000000086000000| Untracked 
|  97|0x0000000086100000, 0x0000000086100000, 0x0000000086200000|  0%| F|  |TAMS 0x0000000086100000, 0x0000000086100000| Untracked 
|  98|0x0000000086200000, 0x00000000862d9dc8, 0x0000000086300000| 85%| S|CS|TAMS 0x0000000086200000, 0x0000000086200000| Complete 
|  99|0x0000000086300000, 0x0000000086400000, 0x0000000086400000|100%| S|CS|TAMS 0x0000000086300000, 0x0000000086300000| Complete 
| 100|0x0000000086400000, 0x0000000086500000, 0x0000000086500000|100%| S|CS|TAMS 0x0000000086400000, 0x0000000086400000| Complete 
| 101|0x0000000086500000, 0x0000000086600000, 0x0000000086600000|100%| S|CS|TAMS 0x0000000086500000, 0x0000000086500000| Complete 
| 102|0x0000000086600000, 0x0000000086700000, 0x0000000086700000|100%| S|CS|TAMS 0x0000000086600000, 0x0000000086600000| Complete 
| 103|0x0000000086700000, 0x0000000086800000, 0x0000000086800000|100%| S|CS|TAMS 0x0000000086700000, 0x0000000086700000| Complete 
| 104|0x0000000086800000, 0x0000000086800000, 0x0000000086900000|  0%| F|  |TAMS 0x0000000086800000, 0x0000000086800000| Untracked 
| 105|0x0000000086900000, 0x0000000086900000, 0x0000000086a00000|  0%| F|  |TAMS 0x0000000086900000, 0x0000000086900000| Untracked 
| 106|0x0000000086a00000, 0x0000000086a00000, 0x0000000086b00000|  0%| F|  |TAMS 0x0000000086a00000, 0x0000000086a00000| Untracked 
| 107|0x0000000086b00000, 0x0000000086b00000, 0x0000000086c00000|  0%| F|  |TAMS 0x0000000086b00000, 0x0000000086b00000| Untracked 
| 108|0x0000000086c00000, 0x0000000086c00000, 0x0000000086d00000|  0%| F|  |TAMS 0x0000000086c00000, 0x0000000086c00000| Untracked 
| 109|0x0000000086d00000, 0x0000000086d00000, 0x0000000086e00000|  0%| F|  |TAMS 0x0000000086d00000, 0x0000000086d00000| Untracked 
| 110|0x0000000086e00000, 0x0000000086e00000, 0x0000000086f00000|  0%| F|  |TAMS 0x0000000086e00000, 0x0000000086e00000| Untracked 
| 111|0x0000000086f00000, 0x0000000086f00000, 0x0000000087000000|  0%| F|  |TAMS 0x0000000086f00000, 0x0000000086f00000| Untracked 
| 112|0x0000000087000000, 0x0000000087000000, 0x0000000087100000|  0%| F|  |TAMS 0x0000000087000000, 0x0000000087000000| Untracked 
| 113|0x0000000087100000, 0x0000000087100000, 0x0000000087200000|  0%| F|  |TAMS 0x0000000087100000, 0x0000000087100000| Untracked 
| 114|0x0000000087200000, 0x0000000087200000, 0x0000000087300000|  0%| F|  |TAMS 0x0000000087200000, 0x0000000087200000| Untracked 
| 115|0x0000000087300000, 0x0000000087300000, 0x0000000087400000|  0%| F|  |TAMS 0x0000000087300000, 0x0000000087300000| Untracked 
| 116|0x0000000087400000, 0x0000000087400000, 0x0000000087500000|  0%| F|  |TAMS 0x0000000087400000, 0x0000000087400000| Untracked 
| 117|0x0000000087500000, 0x0000000087500000, 0x0000000087600000|  0%| F|  |TAMS 0x0000000087500000, 0x0000000087500000| Untracked 
| 118|0x0000000087600000, 0x0000000087600000, 0x0000000087700000|  0%| F|  |TAMS 0x0000000087600000, 0x0000000087600000| Untracked 
| 119|0x0000000087700000, 0x0000000087700000, 0x0000000087800000|  0%| F|  |TAMS 0x0000000087700000, 0x0000000087700000| Untracked 
| 120|0x0000000087800000, 0x0000000087800000, 0x0000000087900000|  0%| F|  |TAMS 0x0000000087800000, 0x0000000087800000| Untracked 
| 121|0x0000000087900000, 0x0000000087900000, 0x0000000087a00000|  0%| F|  |TAMS 0x0000000087900000, 0x0000000087900000| Untracked 
| 122|0x0000000087a00000, 0x0000000087a00000, 0x0000000087b00000|  0%| F|  |TAMS 0x0000000087a00000, 0x0000000087a00000| Untracked 
| 123|0x0000000087b00000, 0x0000000087b00000, 0x0000000087c00000|  0%| F|  |TAMS 0x0000000087b00000, 0x0000000087b00000| Untracked 
| 124|0x0000000087c00000, 0x0000000087c00000, 0x0000000087d00000|  0%| F|  |TAMS 0x0000000087c00000, 0x0000000087c00000| Untracked 
| 125|0x0000000087d00000, 0x0000000087d00000, 0x0000000087e00000|  0%| F|  |TAMS 0x0000000087d00000, 0x0000000087d00000| Untracked 
| 126|0x0000000087e00000, 0x0000000087e00000, 0x0000000087f00000|  0%| F|  |TAMS 0x0000000087e00000, 0x0000000087e00000| Untracked 
| 127|0x0000000087f00000, 0x0000000087f00000, 0x0000000088000000|  0%| F|  |TAMS 0x0000000087f00000, 0x0000000087f00000| Untracked 
| 128|0x0000000088000000, 0x0000000088000000, 0x0000000088100000|  0%| F|  |TAMS 0x0000000088000000, 0x0000000088000000| Untracked 
| 129|0x0000000088100000, 0x0000000088100000, 0x0000000088200000|  0%| F|  |TAMS 0x0000000088100000, 0x0000000088100000| Untracked 
| 130|0x0000000088200000, 0x0000000088200000, 0x0000000088300000|  0%| F|  |TAMS 0x0000000088200000, 0x0000000088200000| Untracked 
| 131|0x0000000088300000, 0x0000000088300000, 0x0000000088400000|  0%| F|  |TAMS 0x0000000088300000, 0x0000000088300000| Untracked 
| 132|0x0000000088400000, 0x0000000088400000, 0x0000000088500000|  0%| F|  |TAMS 0x0000000088400000, 0x0000000088400000| Untracked 
| 133|0x0000000088500000, 0x0000000088500000, 0x0000000088600000|  0%| F|  |TAMS 0x0000000088500000, 0x0000000088500000| Untracked 
| 134|0x0000000088600000, 0x0000000088600000, 0x0000000088700000|  0%| F|  |TAMS 0x0000000088600000, 0x0000000088600000| Untracked 
| 135|0x0000000088700000, 0x0000000088700000, 0x0000000088800000|  0%| F|  |TAMS 0x0000000088700000, 0x0000000088700000| Untracked 
| 136|0x0000000088800000, 0x0000000088800000, 0x0000000088900000|  0%| F|  |TAMS 0x0000000088800000, 0x0000000088800000| Untracked 
| 137|0x0000000088900000, 0x0000000088900000, 0x0000000088a00000|  0%| F|  |TAMS 0x0000000088900000, 0x0000000088900000| Untracked 
| 138|0x0000000088a00000, 0x0000000088a00000, 0x0000000088b00000|  0%| F|  |TAMS 0x0000000088a00000, 0x0000000088a00000| Untracked 
| 139|0x0000000088b00000, 0x0000000088b00000, 0x0000000088c00000|  0%| F|  |TAMS 0x0000000088b00000, 0x0000000088b00000| Untracked 
| 140|0x0000000088c00000, 0x0000000088c00000, 0x0000000088d00000|  0%| F|  |TAMS 0x0000000088c00000, 0x0000000088c00000| Untracked 
| 141|0x0000000088d00000, 0x0000000088d00000, 0x0000000088e00000|  0%| F|  |TAMS 0x0000000088d00000, 0x0000000088d00000| Untracked 
| 142|0x0000000088e00000, 0x0000000088e00000, 0x0000000088f00000|  0%| F|  |TAMS 0x0000000088e00000, 0x0000000088e00000| Untracked 
| 143|0x0000000088f00000, 0x0000000088f00000, 0x0000000089000000|  0%| F|  |TAMS 0x0000000088f00000, 0x0000000088f00000| Untracked 
| 144|0x0000000089000000, 0x0000000089000000, 0x0000000089100000|  0%| F|  |TAMS 0x0000000089000000, 0x0000000089000000| Untracked 
| 145|0x0000000089100000, 0x0000000089100000, 0x0000000089200000|  0%| F|  |TAMS 0x0000000089100000, 0x0000000089100000| Untracked 
| 146|0x0000000089200000, 0x0000000089200000, 0x0000000089300000|  0%| F|  |TAMS 0x0000000089200000, 0x0000000089200000| Untracked 
| 147|0x0000000089300000, 0x0000000089300000, 0x0000000089400000|  0%| F|  |TAMS 0x0000000089300000, 0x0000000089300000| Untracked 
| 148|0x0000000089400000, 0x0000000089400000, 0x0000000089500000|  0%| F|  |TAMS 0x0000000089400000, 0x0000000089400000| Untracked 
| 149|0x0000000089500000, 0x0000000089500000, 0x0000000089600000|  0%| F|  |TAMS 0x0000000089500000, 0x0000000089500000| Untracked 
| 150|0x0000000089600000, 0x0000000089600000, 0x0000000089700000|  0%| F|  |TAMS 0x0000000089600000, 0x0000000089600000| Untracked 
| 151|0x0000000089700000, 0x0000000089700000, 0x0000000089800000|  0%| F|  |TAMS 0x0000000089700000, 0x0000000089700000| Untracked 
| 152|0x0000000089800000, 0x0000000089800000, 0x0000000089900000|  0%| F|  |TAMS 0x0000000089800000, 0x0000000089800000| Untracked 
| 153|0x0000000089900000, 0x0000000089900000, 0x0000000089a00000|  0%| F|  |TAMS 0x0000000089900000, 0x0000000089900000| Untracked 
| 154|0x0000000089a00000, 0x0000000089a00000, 0x0000000089b00000|  0%| F|  |TAMS 0x0000000089a00000, 0x0000000089a00000| Untracked 
| 155|0x0000000089b00000, 0x0000000089b00000, 0x0000000089c00000|  0%| F|  |TAMS 0x0000000089b00000, 0x0000000089b00000| Untracked 
| 156|0x0000000089c00000, 0x0000000089c00000, 0x0000000089d00000|  0%| F|  |TAMS 0x0000000089c00000, 0x0000000089c00000| Untracked 
| 157|0x0000000089d00000, 0x0000000089d00000, 0x0000000089e00000|  0%| F|  |TAMS 0x0000000089d00000, 0x0000000089d00000| Untracked 
| 158|0x0000000089e00000, 0x0000000089e00000, 0x0000000089f00000|  0%| F|  |TAMS 0x0000000089e00000, 0x0000000089e00000| Untracked 
| 159|0x0000000089f00000, 0x0000000089f00000, 0x000000008a000000|  0%| F|  |TAMS 0x0000000089f00000, 0x0000000089f00000| Untracked 
| 160|0x000000008a000000, 0x000000008a000000, 0x000000008a100000|  0%| F|  |TAMS 0x000000008a000000, 0x000000008a000000| Untracked 
| 161|0x000000008a100000, 0x000000008a100000, 0x000000008a200000|  0%| F|  |TAMS 0x000000008a100000, 0x000000008a100000| Untracked 
| 162|0x000000008a200000, 0x000000008a200000, 0x000000008a300000|  0%| F|  |TAMS 0x000000008a200000, 0x000000008a200000| Untracked 
| 163|0x000000008a300000, 0x000000008a300000, 0x000000008a400000|  0%| F|  |TAMS 0x000000008a300000, 0x000000008a300000| Untracked 
| 164|0x000000008a400000, 0x000000008a400000, 0x000000008a500000|  0%| F|  |TAMS 0x000000008a400000, 0x000000008a400000| Untracked 
| 165|0x000000008a500000, 0x000000008a500000, 0x000000008a600000|  0%| F|  |TAMS 0x000000008a500000, 0x000000008a500000| Untracked 
| 166|0x000000008a600000, 0x000000008a68dec0, 0x000000008a700000| 55%| E|  |TAMS 0x000000008a600000, 0x000000008a600000| Complete 
| 167|0x000000008a700000, 0x000000008a800000, 0x000000008a800000|100%| E|CS|TAMS 0x000000008a700000, 0x000000008a700000| Complete 
| 168|0x000000008a800000, 0x000000008a900000, 0x000000008a900000|100%| E|CS|TAMS 0x000000008a800000, 0x000000008a800000| Complete 
| 169|0x000000008a900000, 0x000000008aa00000, 0x000000008aa00000|100%| E|CS|TAMS 0x000000008a900000, 0x000000008a900000| Complete 
| 170|0x000000008aa00000, 0x000000008ab00000, 0x000000008ab00000|100%| E|CS|TAMS 0x000000008aa00000, 0x000000008aa00000| Complete 
| 171|0x000000008ab00000, 0x000000008ac00000, 0x000000008ac00000|100%| E|CS|TAMS 0x000000008ab00000, 0x000000008ab00000| Complete 
| 172|0x000000008ac00000, 0x000000008ad00000, 0x000000008ad00000|100%| E|CS|TAMS 0x000000008ac00000, 0x000000008ac00000| Complete 
| 173|0x000000008ad00000, 0x000000008ae00000, 0x000000008ae00000|100%| E|CS|TAMS 0x000000008ad00000, 0x000000008ad00000| Complete 
| 174|0x000000008ae00000, 0x000000008af00000, 0x000000008af00000|100%| E|CS|TAMS 0x000000008ae00000, 0x000000008ae00000| Complete 
| 175|0x000000008af00000, 0x000000008b000000, 0x000000008b000000|100%| E|CS|TAMS 0x000000008af00000, 0x000000008af00000| Complete 
| 176|0x000000008b000000, 0x000000008b100000, 0x000000008b100000|100%| E|CS|TAMS 0x000000008b000000, 0x000000008b000000| Complete 
| 177|0x000000008b100000, 0x000000008b200000, 0x000000008b200000|100%| E|CS|TAMS 0x000000008b100000, 0x000000008b100000| Complete 
| 178|0x000000008b200000, 0x000000008b300000, 0x000000008b300000|100%| E|CS|TAMS 0x000000008b200000, 0x000000008b200000| Complete 
| 179|0x000000008b300000, 0x000000008b400000, 0x000000008b400000|100%| E|CS|TAMS 0x000000008b300000, 0x000000008b300000| Complete 
| 180|0x000000008b400000, 0x000000008b500000, 0x000000008b500000|100%| E|CS|TAMS 0x000000008b400000, 0x000000008b400000| Complete 
| 181|0x000000008b500000, 0x000000008b600000, 0x000000008b600000|100%| E|CS|TAMS 0x000000008b500000, 0x000000008b500000| Complete 
| 182|0x000000008b600000, 0x000000008b700000, 0x000000008b700000|100%| E|CS|TAMS 0x000000008b600000, 0x000000008b600000| Complete 
| 183|0x000000008b700000, 0x000000008b800000, 0x000000008b800000|100%| E|CS|TAMS 0x000000008b700000, 0x000000008b700000| Complete 
| 184|0x000000008b800000, 0x000000008b900000, 0x000000008b900000|100%| E|CS|TAMS 0x000000008b800000, 0x000000008b800000| Complete 

Card table byte_map: [0x000001b521b90000,0x000001b521f90000] _byte_map_base: 0x000001b521790000

Marking Bits (Prev, Next): (CMBitMap*) 0x000001b50ce76840, (CMBitMap*) 0x000001b50ce76808
 Prev Bits: [0x000001b524390000, 0x000001b526390000)
 Next Bits: [0x000001b522390000, 0x000001b524390000)

Polling page: 0x000001b50cf10000

Metaspace:

Usage:
  Non-class:     37.40 MB capacity,    36.69 MB ( 98%) used,   625.05 KB (  2%) free+waste,   110.44 KB ( <1%) overhead. 
      Class:      5.76 MB capacity,     5.36 MB ( 93%) used,   352.82 KB (  6%) free+waste,    53.56 KB ( <1%) overhead. 
       Both:     43.16 MB capacity,    42.04 MB ( 97%) used,   977.88 KB (  2%) free+waste,   164.00 KB ( <1%) overhead. 

Virtual space:
  Non-class space:       42.00 MB reserved,      37.58 MB ( 89%) committed 
      Class space:        1.00 GB reserved,       5.88 MB ( <1%) committed 
             Both:        1.04 GB reserved,      43.45 MB (  4%) committed 

Chunk freelists:
   Non-Class:  51.00 KB
       Class:  25.00 KB
        Both:  75.00 KB

MaxMetaspaceSize: 17179869184.00 GB
CompressedClassSpaceSize: 1.00 GB
Initial GC threshold: 20.80 MB
Current GC threshold: 69.92 MB
CDS: off

CodeHeap 'non-profiled nmethods': size=120064Kb used=2211Kb max_used=2211Kb free=117853Kb
 bounds [0x000001b519c20000, 0x000001b519e90000, 0x000001b521160000]
CodeHeap 'profiled nmethods': size=120000Kb used=8064Kb max_used=8064Kb free=111935Kb
 bounds [0x000001b5126f0000, 0x000001b512ee0000, 0x000001b519c20000]
CodeHeap 'non-nmethods': size=5696Kb used=2278Kb max_used=2315Kb free=3417Kb
 bounds [0x000001b512160000, 0x000001b5123d0000, 0x000001b5126f0000]
 total_blobs=4564 nmethods=3792 adapters=684
 compilation: enabled
              stopped_count=0, restarted_count=0
 full_count=0

Compilation events (20 events):
Event: 8.862 Thread 0x000001b528a0c000 3783       3       org.codehaus.groovy.reflection.CachedClass::isAssignableFrom (21 bytes)
Event: 8.862 Thread 0x000001b528a0c000 nmethod 3783 0x000001b512ebd610 code [0x000001b512ebd7e0, 0x000001b512ebda68]
Event: 8.865 Thread 0x000001b528a0c000 3784       1       java.lang.Thread::getThreadGroup (5 bytes)
Event: 8.865 Thread 0x000001b528a0c000 nmethod 3784 0x000001b519e47a10 code [0x000001b519e47bc0, 0x000001b519e47c78]
Event: 8.868 Thread 0x000001b528a0c000 3785       3       sun.reflect.generics.parser.SignatureParser::parseTypeArguments (109 bytes)
Event: 8.869 Thread 0x000001b528a0c000 nmethod 3785 0x000001b512ebdb90 code [0x000001b512ebdea0, 0x000001b512ebeea8]
Event: 8.869 Thread 0x000001b528a0c000 3786       3       sun.reflect.generics.visitor.Reifier::reifyTypeArguments (38 bytes)
Event: 8.869 Thread 0x000001b528a0c000 nmethod 3786 0x000001b512ebf490 code [0x000001b512ebf680, 0x000001b512ebfb68]
Event: 8.869 Thread 0x000001b528a0c000 3787       3       com.sun.beans.introspect.PropertyInfo::isPrefix (25 bytes)
Event: 8.870 Thread 0x000001b528a0c000 nmethod 3787 0x000001b512ebfd10 code [0x000001b512ebff00, 0x000001b512ec0308]
Event: 8.871 Thread 0x000001b528a0c000 3788       3       com.sun.beans.TypeResolver::erase (32 bytes)
Event: 8.871 Thread 0x000001b528a0c000 nmethod 3788 0x000001b512ec0510 code [0x000001b512ec06e0, 0x000001b512ec0ae8]
Event: 8.871 Thread 0x000001b528a0c000 3789       3       java.util.Collections$UnmodifiableMap$UnmodifiableEntrySet$1::hasNext (10 bytes)
Event: 8.871 Thread 0x000001b528a0c000 nmethod 3789 0x000001b512ec0c90 code [0x000001b512ec0e40, 0x000001b512ec1008]
Event: 8.871 Thread 0x000001b528a0c000 3790  s!   3       java.beans.PropertyDescriptor::getPropertyType (33 bytes)
Event: 8.872 Thread 0x000001b528a0c000 nmethod 3790 0x000001b512ec1110 code [0x000001b512ec1360, 0x000001b512ec1dc8]
Event: 8.872 Thread 0x000001b528a0c000 3791       3       java.beans.FeatureDescriptor::addTable (20 bytes)
Event: 8.872 Thread 0x000001b528a0c000 nmethod 3791 0x000001b512ec2110 code [0x000001b512ec2320, 0x000001b512ec2828]
Event: 8.873 Thread 0x000001b528a0c000 3793       3       org.codehaus.groovy.util.ComplexKeyHashMap$1::nextEntry (69 bytes)
Event: 8.873 Thread 0x000001b528a0c000 nmethod 3793 0x000001b512ec2a10 code [0x000001b512ec2c00, 0x000001b512ec2f88]

GC Heap History (18 events):
Event: 0.562 GC heap before
{Heap before GC invocations=0 (full 0):
 garbage-first heap   total 131072K, used 16384K [0x0000000080000000, 0x0000000100000000)
  region size 1024K, 14 young (14336K), 0 survivors (0K)
 Metaspace       used 6756K, capacity 6993K, committed 7168K, reserved 1056768K
  class space    used 571K, capacity 650K, committed 768K, reserved 1048576K
}
Event: 0.566 GC heap after
{Heap after GC invocations=1 (full 0):
 garbage-first heap   total 131072K, used 4341K [0x0000000080000000, 0x0000000100000000)
  region size 1024K, 2 young (2048K), 2 survivors (2048K)
 Metaspace       used 6756K, capacity 6993K, committed 7168K, reserved 1056768K
  class space    used 571K, capacity 650K, committed 768K, reserved 1048576K
}
Event: 0.919 GC heap before
{Heap before GC invocations=1 (full 0):
 garbage-first heap   total 131072K, used 19701K [0x0000000080000000, 0x0000000100000000)
  region size 1024K, 14 young (14336K), 2 survivors (2048K)
 Metaspace       used 10287K, capacity 10499K, committed 10624K, reserved 1058816K
  class space    used 1054K, capacity 1141K, committed 1152K, reserved 1048576K
}
Event: 0.923 GC heap after
{Heap after GC invocations=2 (full 0):
 garbage-first heap   total 131072K, used 9657K [0x0000000080000000, 0x0000000100000000)
  region size 1024K, 2 young (2048K), 2 survivors (2048K)
 Metaspace       used 10287K, capacity 10499K, committed 10624K, reserved 1058816K
  class space    used 1054K, capacity 1141K, committed 1152K, reserved 1048576K
}
Event: 1.595 GC heap before
{Heap before GC invocations=2 (full 0):
 garbage-first heap   total 131072K, used 39353K [0x0000000080000000, 0x0000000100000000)
  region size 1024K, 30 young (30720K), 2 survivors (2048K)
 Metaspace       used 11320K, capacity 11518K, committed 11776K, reserved 1060864K
  class space    used 1155K, capacity 1246K, committed 1280K, reserved 1048576K
}
Event: 1.599 GC heap after
{Heap after GC invocations=3 (full 0):
 garbage-first heap   total 131072K, used 13563K [0x0000000080000000, 0x0000000100000000)
  region size 1024K, 4 young (4096K), 4 survivors (4096K)
 Metaspace       used 11320K, capacity 11518K, committed 11776K, reserved 1060864K
  class space    used 1155K, capacity 1246K, committed 1280K, reserved 1048576K
}
Event: 3.030 GC heap before
{Heap before GC invocations=3 (full 0):
 garbage-first heap   total 131072K, used 55547K [0x0000000080000000, 0x0000000100000000)
  region size 1024K, 45 young (46080K), 4 survivors (4096K)
 Metaspace       used 18216K, capacity 18606K, committed 18688K, reserved 1064960K
  class space    used 2122K, capacity 2260K, committed 2304K, reserved 1048576K
}
Event: 3.038 GC heap after
{Heap after GC invocations=4 (full 0):
 garbage-first heap   total 131072K, used 16992K [0x0000000080000000, 0x0000000100000000)
  region size 1024K, 6 young (6144K), 6 survivors (6144K)
 Metaspace       used 18216K, capacity 18606K, committed 18688K, reserved 1064960K
  class space    used 2122K, capacity 2260K, committed 2304K, reserved 1048576K
}
Event: 3.323 GC heap before
{Heap before GC invocations=4 (full 0):
 garbage-first heap   total 131072K, used 36448K [0x0000000080000000, 0x0000000100000000)
  region size 1024K, 26 young (26624K), 6 survivors (6144K)
 Metaspace       used 20730K, capacity 21132K, committed 21296K, reserved 1069056K
  class space    used 2491K, capacity 2635K, committed 2688K, reserved 1048576K
}
Event: 3.330 GC heap after
{Heap after GC invocations=5 (full 0):
 garbage-first heap   total 157696K, used 17851K [0x0000000080000000, 0x0000000100000000)
  region size 1024K, 5 young (5120K), 5 survivors (5120K)
 Metaspace       used 20730K, capacity 21132K, committed 21296K, reserved 1069056K
  class space    used 2491K, capacity 2635K, committed 2688K, reserved 1048576K
}
Event: 4.186 GC heap before
{Heap before GC invocations=6 (full 0):
 garbage-first heap   total 157696K, used 73147K [0x0000000080000000, 0x0000000100000000)
  region size 1024K, 60 young (61440K), 5 survivors (5120K)
 Metaspace       used 26368K, capacity 27007K, committed 27184K, reserved 1073152K
  class space    used 3420K, capacity 3665K, committed 3712K, reserved 1048576K
}
Event: 4.195 GC heap after
{Heap after GC invocations=7 (full 0):
 garbage-first heap   total 157696K, used 19938K [0x0000000080000000, 0x0000000100000000)
  region size 1024K, 3 young (3072K), 3 survivors (3072K)
 Metaspace       used 26368K, capacity 27007K, committed 27184K, reserved 1073152K
  class space    used 3420K, capacity 3665K, committed 3712K, reserved 1048576K
}
Event: 6.117 GC heap before
{Heap before GC invocations=7 (full 0):
 garbage-first heap   total 157696K, used 118242K [0x0000000080000000, 0x0000000100000000)
  region size 1024K, 73 young (74752K), 3 survivors (3072K)
 Metaspace       used 32598K, capacity 33595K, committed 33712K, reserved 1079296K
  class space    used 4395K, capacity 4753K, committed 4864K, reserved 1048576K
}
Event: 6.127 GC heap after
{Heap after GC invocations=8 (full 0):
 garbage-first heap   total 157696K, used 52605K [0x0000000080000000, 0x0000000100000000)
  region size 1024K, 8 young (8192K), 8 survivors (8192K)
 Metaspace       used 32598K, capacity 33595K, committed 33712K, reserved 1079296K
  class space    used 4395K, capacity 4753K, committed 4864K, reserved 1048576K
}
Event: 6.640 GC heap before
{Heap before GC invocations=8 (full 0):
 garbage-first heap   total 157696K, used 64893K [0x0000000080000000, 0x0000000100000000)
  region size 1024K, 21 young (21504K), 8 survivors (8192K)
 Metaspace       used 34821K, capacity 35838K, committed 35920K, reserved 1081344K
  class space    used 4673K, capacity 5075K, committed 5120K, reserved 1048576K
}
Event: 6.654 GC heap after
{Heap after GC invocations=9 (full 0):
 garbage-first heap   total 157696K, used 54774K [0x0000000080000000, 0x0000000100000000)
  region size 1024K, 2 young (2048K), 2 survivors (2048K)
 Metaspace       used 34821K, capacity 35838K, committed 35920K, reserved 1081344K
  class space    used 4673K, capacity 5075K, committed 5120K, reserved 1048576K
}
Event: 8.567 GC heap before
{Heap before GC invocations=10 (full 0):
 garbage-first heap   total 157696K, used 106998K [0x0000000080000000, 0x0000000100000000)
  region size 1024K, 50 young (51200K), 2 survivors (2048K)
 Metaspace       used 41627K, capacity 42783K, committed 42960K, reserved 1087488K
  class space    used 5259K, capacity 5679K, committed 5760K, reserved 1048576K
}
Event: 8.579 GC heap after
{Heap after GC invocations=11 (full 0):
 garbage-first heap   total 189440K, used 59065K [0x0000000080000000, 0x0000000100000000)
  region size 1024K, 6 young (6144K), 6 survivors (6144K)
 Metaspace       used 41627K, capacity 42783K, committed 42960K, reserved 1087488K
  class space    used 5259K, capacity 5679K, committed 5760K, reserved 1048576K
}

Deoptimization events (20 events):
Event: 7.770 Thread 0x000001b52b71a000 DEOPT PACKING pc=0x000001b519df85e0 sp=0x00000061e1ff6420
Event: 7.770 Thread 0x000001b52b71a000 DEOPT UNPACKING pc=0x000001b5121aa1af sp=0x00000061e1ff62e8 mode 2
Event: 7.915 Thread 0x000001b52b71a000 DEOPT PACKING pc=0x000001b512a766fe sp=0x00000061e1ff6930
Event: 7.915 Thread 0x000001b52b71a000 DEOPT UNPACKING pc=0x000001b5121aa95e sp=0x00000061e1ff5e48 mode 0
Event: 8.166 Thread 0x000001b52b71a000 Uncommon trap: trap_request=0xffffffde fr.pc=0x000001b519df85e0 relative=0x0000000000000440
Event: 8.166 Thread 0x000001b52b71a000 Uncommon trap: reason=class_check action=maybe_recompile pc=0x000001b519df85e0 method=java.util.regex.Pattern$Start.match(Ljava/util/regex/Matcher;ILjava/lang/CharSequence;)Z @ 44 c2
Event: 8.166 Thread 0x000001b52b71a000 DEOPT PACKING pc=0x000001b519df85e0 sp=0x00000061e1ff68e0
Event: 8.166 Thread 0x000001b52b71a000 DEOPT UNPACKING pc=0x000001b5121aa1af sp=0x00000061e1ff67a8 mode 2
Event: 8.167 Thread 0x000001b52b71a000 Uncommon trap: trap_request=0xffffffde fr.pc=0x000001b519df85e0 relative=0x0000000000000440
Event: 8.167 Thread 0x000001b52b71a000 Uncommon trap: reason=class_check action=maybe_recompile pc=0x000001b519df85e0 method=java.util.regex.Pattern$Start.match(Ljava/util/regex/Matcher;ILjava/lang/CharSequence;)Z @ 44 c2
Event: 8.167 Thread 0x000001b52b71a000 DEOPT PACKING pc=0x000001b519df85e0 sp=0x00000061e1ff68e0
Event: 8.167 Thread 0x000001b52b71a000 DEOPT UNPACKING pc=0x000001b5121aa1af sp=0x00000061e1ff67a8 mode 2
Event: 8.168 Thread 0x000001b52b71a000 Uncommon trap: trap_request=0xffffffde fr.pc=0x000001b519de9e28 relative=0x0000000000000428
Event: 8.168 Thread 0x000001b52b71a000 Uncommon trap: reason=class_check action=maybe_recompile pc=0x000001b519de9e28 method=java.util.regex.Pattern$Start.match(Ljava/util/regex/Matcher;ILjava/lang/CharSequence;)Z @ 44 c2
Event: 8.168 Thread 0x000001b52b71a000 DEOPT PACKING pc=0x000001b519de9e28 sp=0x00000061e1ff6870
Event: 8.168 Thread 0x000001b52b71a000 DEOPT UNPACKING pc=0x000001b5121aa1af sp=0x00000061e1ff67b0 mode 2
Event: 8.855 Thread 0x000001b52b71a000 Uncommon trap: trap_request=0xffffff4d fr.pc=0x000001b519dcc634 relative=0x0000000000000114
Event: 8.855 Thread 0x000001b52b71a000 Uncommon trap: reason=unstable_if action=reinterpret pc=0x000001b519dcc634 method=java.util.Arrays.hashCode([Ljava/lang/Object;)I @ 34 c2
Event: 8.855 Thread 0x000001b52b71a000 DEOPT PACKING pc=0x000001b519dcc634 sp=0x00000061e1ff73f0
Event: 8.855 Thread 0x000001b52b71a000 DEOPT UNPACKING pc=0x000001b5121aa1af sp=0x00000061e1ff7368 mode 2

Classes redefined (0 events):
No events

Internal exceptions (20 events):
Event: 7.937 Thread 0x000001b52b71a000 Exception <a 'java/lang/ClassNotFoundException'{0x0000000087007138}: org/gradle/invocation/DefaultGradleBeanInfo> (0x0000000087007138) thrown at [src/hotspot/share/classfile/systemDictionary.cpp, line 230]
Event: 7.938 Thread 0x000001b52b71a000 Exception <a 'java/lang/ClassNotFoundException'{0x000000008702fe38}: org/gradle/api/internal/project/AbstractPluginAwareBeanInfo> (0x000000008702fe38) thrown at [src/hotspot/share/classfile/systemDictionary.cpp, line 230]
Event: 7.939 Thread 0x000001b52b71a000 Exception <a 'java/lang/ClassNotFoundException'{0x0000000087058be0}: org/gradle/api/internal/project/AbstractPluginAwareCustomizer> (0x0000000087058be0) thrown at [src/hotspot/share/classfile/systemDictionary.cpp, line 230]
Event: 7.986 Thread 0x000001b52b71a000 Exception <a 'java/lang/ClassNotFoundException'{0x0000000087083ad8}: org/gradle/invocation/DefaultGradleCustomizer> (0x0000000087083ad8) thrown at [src/hotspot/share/classfile/systemDictionary.cpp, line 230]
Event: 8.004 Thread 0x000001b52b71a000 Exception <a 'java/lang/ClassNotFoundException'{0x00000000870dc310}: org/gradle/invocation/DefaultGradle_DecoratedCustomizer> (0x00000000870dc310) thrown at [src/hotspot/share/classfile/systemDictionary.cpp, line 230]
Event: 8.161 Thread 0x000001b52b71a000 Exception <a 'java/lang/ClassNotFoundException'{0x0000000086c83590}: groovy/lang/Closure$1BeanInfo> (0x0000000086c83590) thrown at [src/hotspot/share/classfile/systemDictionary.cpp, line 230]
Event: 8.162 Thread 0x000001b52b71a000 Exception <a 'java/lang/ClassNotFoundException'{0x0000000086cb82d0}: groovy/lang/ClosureBeanInfo> (0x0000000086cb82d0) thrown at [src/hotspot/share/classfile/systemDictionary.cpp, line 230]
Event: 8.163 Thread 0x000001b52b71a000 Exception <a 'java/lang/ClassNotFoundException'{0x0000000086ced058}: groovy/lang/ClosureCustomizer> (0x0000000086ced058) thrown at [src/hotspot/share/classfile/systemDictionary.cpp, line 230]
Event: 8.170 Thread 0x000001b52b71a000 Exception <a 'java/lang/ClassNotFoundException'{0x0000000086b43b80}: groovy/lang/Closure$1Customizer> (0x0000000086b43b80) thrown at [src/hotspot/share/classfile/systemDictionary.cpp, line 230]
Event: 8.348 Thread 0x000001b52b71a000 Exception <a 'java/lang/ClassNotFoundException'{0x0000000086ace7a8}: sync_studio_tooling_74xjeh4jfk5t6e2drnsu7oip3BeanInfo> (0x0000000086ace7a8) thrown at [src/hotspot/share/classfile/systemDictionary.cpp, line 230]
Event: 8.348 Thread 0x000001b52b71a000 Exception <a 'java/lang/ClassNotFoundException'{0x0000000086adbb58}: sync_studio_tooling_74xjeh4jfk5t6e2drnsu7oip3Customizer> (0x0000000086adbb58) thrown at [src/hotspot/share/classfile/systemDictionary.cpp, line 230]
Event: 8.363 Thread 0x000001b52b71a000 Exception <a 'java/lang/ClassNotFoundException'{0x00000000869573d8}: org/gradle/internal/metaobject/ConfigureDelegateBeanInfo> (0x00000000869573d8) thrown at [src/hotspot/share/classfile/systemDictionary.cpp, line 230]
Event: 8.365 Thread 0x000001b52b71a000 Exception <a 'java/lang/ClassNotFoundException'{0x000000008697efa8}: org/gradle/internal/metaobject/ConfigureDelegateCustomizer> (0x000000008697efa8) thrown at [src/hotspot/share/classfile/systemDictionary.cpp, line 230]
Event: 8.416 Thread 0x000001b52b71a000 Exception <a 'java/lang/ClassNotFoundException'{0x000000008680cce0}: org/gradle/api/internal/initialization/DefaultScriptHandlerBeanInfo> (0x000000008680cce0) thrown at [src/hotspot/share/classfile/systemDictionary.cpp, line 230]
Event: 8.417 Thread 0x000001b52b71a000 Exception <a 'java/lang/ClassNotFoundException'{0x0000000086837d60}: org/gradle/api/internal/initialization/DefaultScriptHandlerCustomizer> (0x0000000086837d60) thrown at [src/hotspot/share/classfile/systemDictionary.cpp, line 230]
Event: 8.855 Thread 0x000001b52b71a000 Implicit null exception at 0x000001b519dcc56f to 0x000001b519dcc618
Event: 8.864 Thread 0x000001b52b71a000 Exception <a 'java/lang/ClassNotFoundException'{0x000000008b0b2350}: org/gradle/api/internal/artifacts/dsl/dependencies/DefaultDependencyHandler_DecoratedBeanInfo> (0x000000008b0b2350) thrown at [src/hotspot/share/classfile/systemDictionary.cpp, line 230]
Event: 8.865 Thread 0x000001b52b71a000 Exception <a 'java/lang/ClassNotFoundException'{0x000000008b0f2b28}: org/gradle/api/internal/artifacts/dsl/dependencies/DefaultDependencyHandlerBeanInfo> (0x000000008b0f2b28) thrown at [src/hotspot/share/classfile/systemDictionary.cpp, line 230]
Event: 8.867 Thread 0x000001b52b71a000 Exception <a 'java/lang/ClassNotFoundException'{0x000000008af33468}: org/gradle/api/internal/artifacts/dsl/dependencies/DefaultDependencyHandlerCustomizer> (0x000000008af33468) thrown at [src/hotspot/share/classfile/systemDictionary.cpp, line 230]
Event: 8.870 Thread 0x000001b52b71a000 Exception <a 'java/lang/ClassNotFoundException'{0x000000008af9e678}: org/gradle/api/internal/artifacts/dsl/dependencies/DefaultDependencyHandler_DecoratedCustomizer> (0x000000008af9e678) thrown at [src/hotspot/share/classfile/systemDictionary.cpp, line 230]

Events (20 events):
Event: 8.884 loading class groovy/lang/Tuple13
Event: 8.884 loading class groovy/lang/Tuple13 done
Event: 8.885 loading class groovy/lang/Tuple14
Event: 8.885 loading class groovy/lang/Tuple14 done
Event: 8.886 loading class groovy/lang/Tuple15
Event: 8.886 loading class groovy/lang/Tuple15 done
Event: 8.886 loading class groovy/lang/Tuple16
Event: 8.886 loading class groovy/lang/Tuple16 done
Event: 8.889 loading class org/codehaus/groovy/ast/ClassHelper$ClassHelperCache
Event: 8.889 loading class org/codehaus/groovy/ast/ClassHelper$ClassHelperCache done
Event: 8.890 loading class org/codehaus/groovy/util/AbstractConcurrentMapBase$Segment
Event: 8.890 loading class org/codehaus/groovy/util/AbstractConcurrentMapBase$Segment done
Event: 8.891 loading class org/codehaus/groovy/util/AbstractConcurrentMap$Segment
Event: 8.891 loading class org/codehaus/groovy/util/AbstractConcurrentMap$Segment done
Event: 8.892 loading class org/codehaus/groovy/util/ManagedConcurrentMap$Segment
Event: 8.892 loading class org/codehaus/groovy/util/ManagedConcurrentMap$Segment done
Event: 8.893 loading class org/codehaus/groovy/util/AbstractConcurrentMap$Entry
Event: 8.893 loading class org/codehaus/groovy/util/AbstractConcurrentMap$Entry done
Event: 8.894 loading class org/codehaus/groovy/util/AbstractConcurrentMapBase$Entry
Event: 8.894 loading class org/codehaus/groovy/util/AbstractConcurrentMapBase$Entry done


Dynamic libraries:
0x00007ff6bf800000 - 0x00007ff6bf80a000 	D:\vishwas android\jbr\bin\java.exe
0x00007ffe668b0000 - 0x00007ffe66aa8000 	C:\Windows\SYSTEM32\ntdll.dll
0x00007ffe64e70000 - 0x00007ffe64f2f000 	C:\Windows\System32\KERNEL32.DLL
0x00007ffe64620000 - 0x00007ffe648f2000 	C:\Windows\System32\KERNELBASE.dll
0x00007ffe63fb0000 - 0x00007ffe640b0000 	C:\Windows\System32\ucrtbase.dll
0x00007ffe50f20000 - 0x00007ffe50f37000 	D:\vishwas android\jbr\bin\jli.dll
0x00007ffe50f00000 - 0x00007ffe50f1b000 	D:\vishwas android\jbr\bin\VCRUNTIME140.dll
0x00007ffe64f30000 - 0x00007ffe650d1000 	C:\Windows\System32\USER32.dll
0x00007ffe64430000 - 0x00007ffe64452000 	C:\Windows\System32\win32u.dll
0x00007ffe66030000 - 0x00007ffe6605b000 	C:\Windows\System32\GDI32.dll
0x00007ffe457b0000 - 0x00007ffe45a4a000 	C:\Windows\WinSxS\amd64_microsoft.windows.common-controls_6595b64144ccf1df_6.0.19041.1110_none_60b5254171f9507e\COMCTL32.dll
0x00007ffe64460000 - 0x00007ffe6456f000 	C:\Windows\System32\gdi32full.dll
0x00007ffe64390000 - 0x00007ffe6442d000 	C:\Windows\System32\msvcp_win.dll
0x00007ffe650e0000 - 0x00007ffe6517e000 	C:\Windows\System32\msvcrt.dll
0x00007ffe66170000 - 0x00007ffe661a0000 	C:\Windows\System32\IMM32.DLL
0x00007ffe51c10000 - 0x00007ffe51c1c000 	D:\vishwas android\jbr\bin\vcruntime140_1.dll
0x00007ffe50e70000 - 0x00007ffe50efd000 	D:\vishwas android\jbr\bin\msvcp140.dll
0x00007ffe36c10000 - 0x00007ffe377cc000 	D:\vishwas android\jbr\bin\server\jvm.dll
0x00007ffe66710000 - 0x00007ffe667be000 	C:\Windows\System32\ADVAPI32.dll
0x00007ffe66200000 - 0x00007ffe6629c000 	C:\Windows\System32\sechost.dll
0x00007ffe65530000 - 0x00007ffe65654000 	C:\Windows\System32\RPCRT4.dll
0x00007ffe64e60000 - 0x00007ffe64e68000 	C:\Windows\System32\PSAPI.DLL
0x00007ffe54410000 - 0x00007ffe54419000 	C:\Windows\SYSTEM32\WSOCK32.dll
0x00007ffe652b0000 - 0x00007ffe6531b000 	C:\Windows\System32\WS2_32.dll
0x00007ffe4c7a0000 - 0x00007ffe4c7c7000 	C:\Windows\SYSTEM32\WINMM.dll
0x00007ffe5efa0000 - 0x00007ffe5efaa000 	C:\Windows\SYSTEM32\VERSION.dll
0x00007ffe61e90000 - 0x00007ffe61ea2000 	C:\Windows\SYSTEM32\kernel.appcore.dll
0x00007ffe53f30000 - 0x00007ffe53f40000 	D:\vishwas android\jbr\bin\verify.dll
0x00007ffe53730000 - 0x00007ffe53914000 	C:\Windows\SYSTEM32\DBGHELP.DLL
0x00007ffe535e0000 - 0x00007ffe53615000 	C:\Windows\SYSTEM32\dbgcore.DLL
0x00007ffe642d0000 - 0x00007ffe64352000 	C:\Windows\System32\bcryptPrimitives.dll
0x00007ffe4c810000 - 0x00007ffe4c838000 	D:\vishwas android\jbr\bin\java.dll
0x00007ffe53a20000 - 0x00007ffe53a2a000 	D:\vishwas android\jbr\bin\jimage.dll
0x00007ffe4e270000 - 0x00007ffe4e288000 	D:\vishwas android\jbr\bin\zip.dll
0x00007ffe658e0000 - 0x00007ffe66025000 	C:\Windows\System32\SHELL32.dll
0x00007ffe62090000 - 0x00007ffe62822000 	C:\Windows\SYSTEM32\windows.storage.dll
0x00007ffe64b00000 - 0x00007ffe64e55000 	C:\Windows\System32\combase.dll
0x00007ffe63930000 - 0x00007ffe63960000 	C:\Windows\SYSTEM32\Wldp.dll
0x00007ffe667c0000 - 0x00007ffe6686d000 	C:\Windows\System32\SHCORE.dll
0x00007ffe661a0000 - 0x00007ffe661f5000 	C:\Windows\System32\shlwapi.dll
0x00007ffe63ef0000 - 0x00007ffe63f0f000 	C:\Windows\SYSTEM32\profapi.dll
0x00007ffe4c7f0000 - 0x00007ffe4c809000 	D:\vishwas android\jbr\bin\net.dll
0x00007ffe5d7e0000 - 0x00007ffe5d8ea000 	C:\Windows\SYSTEM32\WINHTTP.dll
0x00007ffe63690000 - 0x00007ffe636fa000 	C:\Windows\system32\mswsock.dll
0x00007ffe4c7d0000 - 0x00007ffe4c7e3000 	D:\vishwas android\jbr\bin\nio.dll
0x00007ffe51590000 - 0x00007ffe515b7000 	C:\Users\admin\.gradle\native\e1d6ef7f7dcc3fd88c89a11ec53ec762bb8ba0a96d01ffa2cd45eb1d1d8dd5c5\windows-amd64\native-platform.dll
0x00007ffe359c0000 - 0x00007ffe35b04000 	C:\Users\admin\.gradle\native\0d407fdbe67a94daf76414ababcb853783967236a71b16ec16e742cd7a986fd3\windows-amd64\native-platform-file-events.dll
0x00007ffe51d50000 - 0x00007ffe51d5a000 	D:\vishwas android\jbr\bin\management.dll
0x00007ffe51c00000 - 0x00007ffe51c0b000 	D:\vishwas android\jbr\bin\management_ext.dll
0x00007ffe63880000 - 0x00007ffe63898000 	C:\Windows\SYSTEM32\CRYPTSP.dll
0x00007ffe62fb0000 - 0x00007ffe62fe4000 	C:\Windows\system32\rsaenh.dll
0x00007ffe64360000 - 0x00007ffe64387000 	C:\Windows\System32\bcrypt.dll
0x00007ffe63eb0000 - 0x00007ffe63ede000 	C:\Windows\SYSTEM32\USERENV.dll
0x00007ffe638a0000 - 0x00007ffe638ac000 	C:\Windows\SYSTEM32\CRYPTBASE.dll
0x00007ffe63380000 - 0x00007ffe633bb000 	C:\Windows\SYSTEM32\IPHLPAPI.DLL
0x00007ffe64af0000 - 0x00007ffe64af8000 	C:\Windows\System32\NSI.dll
0x00007ffe5dc30000 - 0x00007ffe5dc47000 	C:\Windows\SYSTEM32\dhcpcsvc6.DLL
0x00007ffe5e0f0000 - 0x00007ffe5e10d000 	C:\Windows\SYSTEM32\dhcpcsvc.DLL
0x00007ffe633c0000 - 0x00007ffe6348b000 	C:\Windows\SYSTEM32\DNSAPI.dll

dbghelp: loaded successfully - version: 4.0.5 - missing functions: none
symbol engine: initialized successfully - sym options: 0x614 - pdb path: .;D:\vishwas android\jbr\bin;C:\Windows\SYSTEM32;C:\Windows\WinSxS\amd64_microsoft.windows.common-controls_6595b64144ccf1df_6.0.19041.1110_none_60b5254171f9507e;D:\vishwas android\jbr\bin\server;C:\Users\admin\.gradle\native\e1d6ef7f7dcc3fd88c89a11ec53ec762bb8ba0a96d01ffa2cd45eb1d1d8dd5c5\windows-amd64;C:\Users\admin\.gradle\native\0d407fdbe67a94daf76414ababcb853783967236a71b16ec16e742cd7a986fd3\windows-amd64

VM Arguments:
jvm_args: --add-opens=java.base/java.util=ALL-UNNAMED --add-opens=java.base/java.lang=ALL-UNNAMED --add-opens=java.base/java.lang.invoke=ALL-UNNAMED --add-opens=java.base/java.util=ALL-UNNAMED --add-opens=java.prefs/java.util.prefs=ALL-UNNAMED --add-opens=java.prefs/java.util.prefs=ALL-UNNAMED --add-opens=java.base/java.nio.charset=ALL-UNNAMED --add-opens=java.base/java.net=ALL-UNNAMED --add-opens=java.base/java.util.concurrent.atomic=ALL-UNNAMED -Xmx2048m -Dfile.encoding=UTF-8 -Duser.country=IN -Duser.language=en -Duser.variant 
java_command: org.gradle.launcher.daemon.bootstrap.GradleDaemon 7.5
java_class_path (initial): C:\Users\admin\.gradle\wrapper\dists\gradle-7.5-bin\f1w0cc9nuo0eivz97x2xlu9sv\gradle-7.5\lib\gradle-launcher-7.5.jar
Launcher Type: SUN_STANDARD

[Global flags]
     intx CICompilerCount                          = 3                                         {product} {ergonomic}
     uint ConcGCThreads                            = 1                                         {product} {ergonomic}
     uint G1ConcRefinementThreads                  = 4                                         {product} {ergonomic}
   size_t G1HeapRegionSize                         = 1048576                                   {product} {ergonomic}
    uintx GCDrainStackTargetSize                   = 64                                        {product} {ergonomic}
   size_t InitialHeapSize                          = 134217728                                 {product} {ergonomic}
   size_t MarkStackSize                            = 4194304                                   {product} {ergonomic}
   size_t MaxHeapSize                              = 2147483648                                {product} {command line}
   size_t MaxNewSize                               = 1287651328                                {product} {ergonomic}
   size_t MinHeapDeltaBytes                        = 1048576                                   {product} {ergonomic}
    uintx NonNMethodCodeHeapSize                   = 5830732                                {pd product} {ergonomic}
    uintx NonProfiledCodeHeapSize                  = 122913754                              {pd product} {ergonomic}
    uintx ProfiledCodeHeapSize                     = 122913754                              {pd product} {ergonomic}
    uintx ReservedCodeCacheSize                    = 251658240                              {pd product} {ergonomic}
     bool SegmentedCodeCache                       = true                                      {product} {ergonomic}
     bool UseCompressedClassPointers               = true                                 {lp64_product} {ergonomic}
     bool UseCompressedOops                        = true                                 {lp64_product} {ergonomic}
     bool UseG1GC                                  = true                                      {product} {ergonomic}
     bool UseLargePagesIndividualAllocation        = false                                  {pd product} {ergonomic}

Logging:
Log output configuration:
 #0: stdout all=warning uptime,level,tags
 #1: stderr all=off uptime,level,tags

Environment Variables:
PATH=C:\Program Files\Java\jdk-19\bin;C:\Program Files\Common Files\Oracle\Java\javapath;C:\Program Files (x86)\Common Files\Intel\Shared Libraries\redist\intel64\compiler;C:\Windows\system32;C:\Windows;C:\Windows\System32\Wbem;C:\Windows\System32\WindowsPowerShell\v1.0\;C:\Windows\System32\OpenSSH\;C:\Program Files (x86)\nodejs\;C:\MinGW\bin;C:\MinGW\x86_64-w64-mingw32\bin;C:\Program Files\Java\jdk-19\bin;C:\Users\admin\AppData\Local\Microsoft\WindowsApps;C:\Users\admin\AppData\Roaming\npm;C:\Users\admin\Downloads;C:\MinGW\bin;C:\Users\admin\AppData\Local\Programs\Microsoft VS Code\bin;C:\Users\admin\AppData\Local\GitHubDesktop\bin
USERNAME=admin
OS=Windows_NT
PROCESSOR_IDENTIFIER=Intel64 Family 6 Model 94 Stepping 3, GenuineIntel



---------------  S Y S T E M  ---------------

OS: Windows 10 , 64 bit Build 19041 (10.0.19041.2546)
OS uptime: 1 days 19:17 hours

CPU:total 4 (initial active 4) (4 cores per cpu, 1 threads per core) family 6 model 94 stepping 3 microcode 0xd6, cmov, cx8, fxsr, mmx, sse, sse2, sse3, ssse3, sse4.1, sse4.2, popcnt, avx, avx2, aes, clmul, erms, rtm, 3dnowpref, lzcnt, tsc, tscinvbit, bmi1, bmi2, adx, fma

Memory: 4k page, system-wide physical 8078M (919M free)
TotalPageFile size 11434M (AvailPageFile size 10M)
current process WorkingSet (physical memory assigned to process): 296M, peak: 296M
current process commit charge ("private bytes"): 358M, peak: 358M

vm_info: OpenJDK 64-Bit Server VM (11.0.15+0-b2043.56-9505619) for windows-amd64 JRE (11.0.15+0-b2043.56-9505619), built on Jan 19 2023 02:48:00 by "builduser" with unknown MS VC++:1929

END.
